ERROR || 2020-07-16 13:59:30,363 || log || Internal Server Error: /archives/tvseries/9/seasons/105/
Traceback (most recent call last):
  File "C:\Users\hardcase1\.virtualenvs\series-EAOB5IHD\lib\site-packages\django\core\handlers\exception.py", line 34, in inner
    response = get_response(request)
  File "C:\Users\hardcase1\.virtualenvs\series-EAOB5IHD\lib\site-packages\django\core\handlers\base.py", line 115, in _get_response
    response = self.process_exception_by_middleware(e, request)
  File "C:\Users\hardcase1\.virtualenvs\series-EAOB5IHD\lib\site-packages\django\core\handlers\base.py", line 113, in _get_response
    response = wrapped_callback(request, *callback_args, **callback_kwargs)
  File "C:\Users\hardcase1\.virtualenvs\series-EAOB5IHD\lib\site-packages\django\views\decorators\csrf.py", line 54, in wrapped_view
    return view_func(*args, **kwargs)
  File "C:\Users\hardcase1\.virtualenvs\series-EAOB5IHD\lib\site-packages\rest_framework\viewsets.py", line 114, in view
    return self.dispatch(request, *args, **kwargs)
  File "C:\Users\hardcase1\PycharmProjects\series\archives\views.py", line 228, in dispatch
    return super().dispatch(request, *args, **kwargs)
  File "C:\Users\hardcase1\.virtualenvs\series-EAOB5IHD\lib\site-packages\rest_framework\views.py", line 505, in dispatch
    response = self.handle_exception(exc)
  File "C:\Users\hardcase1\.virtualenvs\series-EAOB5IHD\lib\site-packages\rest_framework\views.py", line 465, in handle_exception
    self.raise_uncaught_exception(exc)
  File "C:\Users\hardcase1\.virtualenvs\series-EAOB5IHD\lib\site-packages\rest_framework\views.py", line 476, in raise_uncaught_exception
    raise exc
  File "C:\Users\hardcase1\.virtualenvs\series-EAOB5IHD\lib\site-packages\rest_framework\views.py", line 502, in dispatch
    response = handler(request, *args, **kwargs)
  File "C:\Users\hardcase1\.virtualenvs\series-EAOB5IHD\lib\site-packages\rest_framework\mixins.py", line 55, in retrieve
    serializer = self.get_serializer(instance)
  File "C:\Users\hardcase1\.virtualenvs\series-EAOB5IHD\lib\site-packages\rest_framework\generics.py", line 110, in get_serializer
    return serializer_class(*args, **kwargs)
  File "C:\Users\hardcase1\PycharmProjects\series\series\helpers\serializer_mixins.py", line 86, in __init__
    _fields = MappingProxyType(self.fields)
  File "C:\Users\hardcase1\.virtualenvs\series-EAOB5IHD\lib\site-packages\django\utils\functional.py", line 48, in __get__
    res = instance.__dict__[self.name] = self.func(instance)
  File "C:\Users\hardcase1\.virtualenvs\series-EAOB5IHD\lib\site-packages\rest_framework\serializers.py", line 363, in fields
    for key, value in self.get_fields().items():
  File "C:\Users\hardcase1\PycharmProjects\series\archives\serializers.py", line 301, in get_fields
    entry_author = self.validated_data['entry_author']
  File "C:\Users\hardcase1\.virtualenvs\series-EAOB5IHD\lib\site-packages\rest_framework\serializers.py", line 278, in validated_data
    raise AssertionError(msg)
AssertionError: You must call `.is_valid()` before accessing `.validated_data`.
ERROR || 2020-07-16 13:59:30,462 || basehttp || "GET /archives/tvseries/9/seasons/105/ HTTP/1.1" 500 152922
WARNING || 2020-07-16 17:48:20,365 || log || Not Found: /favicon.ico
WARNING || 2020-07-16 17:48:20,366 || basehttp || "GET /favicon.ico HTTP/1.1" 404 12161
WARNING || 2020-07-16 20:12:09,087 || log || Not Found: /favicon.ico
WARNING || 2020-07-16 20:12:09,088 || basehttp || "GET /favicon.ico HTTP/1.1" 404 12162
WARNING || 2020-07-16 20:13:06,143 || log || Forbidden: /archives/tvseries/9/seasons/105/
WARNING || 2020-07-16 20:13:06,144 || basehttp || "GET /archives/tvseries/9/seasons/105/ HTTP/1.1" 403 14873
WARNING || 2020-07-16 20:13:13,243 || log || Forbidden: /archives/tvseries/9/seasons/105/
WARNING || 2020-07-16 20:13:13,243 || basehttp || "GET /archives/tvseries/9/seasons/105/ HTTP/1.1" 403 14578
ERROR || 2020-07-16 20:20:19,577 || log || Internal Server Error: /archives/tvseries/9/seasons/105/
Traceback (most recent call last):
  File "C:\Users\hardcase1\.virtualenvs\series-EAOB5IHD\lib\site-packages\django\core\handlers\exception.py", line 34, in inner
    response = get_response(request)
  File "C:\Users\hardcase1\.virtualenvs\series-EAOB5IHD\lib\site-packages\django\core\handlers\base.py", line 115, in _get_response
    response = self.process_exception_by_middleware(e, request)
  File "C:\Users\hardcase1\.virtualenvs\series-EAOB5IHD\lib\site-packages\django\core\handlers\base.py", line 113, in _get_response
    response = wrapped_callback(request, *callback_args, **callback_kwargs)
  File "C:\Users\hardcase1\.virtualenvs\series-EAOB5IHD\lib\site-packages\django\views\decorators\csrf.py", line 54, in wrapped_view
    return view_func(*args, **kwargs)
  File "C:\Users\hardcase1\.virtualenvs\series-EAOB5IHD\lib\site-packages\rest_framework\viewsets.py", line 114, in view
    return self.dispatch(request, *args, **kwargs)
  File "C:\Users\hardcase1\PycharmProjects\series\archives\views.py", line 225, in dispatch
    return super().dispatch(request, *args, **kwargs)
  File "C:\Users\hardcase1\.virtualenvs\series-EAOB5IHD\lib\site-packages\rest_framework\views.py", line 505, in dispatch
    response = self.handle_exception(exc)
  File "C:\Users\hardcase1\.virtualenvs\series-EAOB5IHD\lib\site-packages\rest_framework\views.py", line 465, in handle_exception
    self.raise_uncaught_exception(exc)
  File "C:\Users\hardcase1\.virtualenvs\series-EAOB5IHD\lib\site-packages\rest_framework\views.py", line 476, in raise_uncaught_exception
    raise exc
  File "C:\Users\hardcase1\.virtualenvs\series-EAOB5IHD\lib\site-packages\rest_framework\views.py", line 502, in dispatch
    response = handler(request, *args, **kwargs)
  File "C:\Users\hardcase1\.virtualenvs\series-EAOB5IHD\lib\site-packages\rest_framework\mixins.py", line 55, in retrieve
    serializer = self.get_serializer(instance)
  File "C:\Users\hardcase1\.virtualenvs\series-EAOB5IHD\lib\site-packages\rest_framework\generics.py", line 110, in get_serializer
    return serializer_class(*args, **kwargs)
  File "C:\Users\hardcase1\PycharmProjects\series\series\helpers\serializer_mixins.py", line 86, in __init__
    _fields = MappingProxyType(self.fields)
  File "C:\Users\hardcase1\.virtualenvs\series-EAOB5IHD\lib\site-packages\django\utils\functional.py", line 48, in __get__
    res = instance.__dict__[self.name] = self.func(instance)
  File "C:\Users\hardcase1\.virtualenvs\series-EAOB5IHD\lib\site-packages\rest_framework\serializers.py", line 363, in fields
    for key, value in self.get_fields().items():
  File "C:\Users\hardcase1\PycharmProjects\series\archives\serializers.py", line 312, in get_fields
    fields = super().get_fields()
  File "C:\Users\hardcase1\.virtualenvs\series-EAOB5IHD\lib\site-packages\rest_framework\serializers.py", line 1038, in get_fields
    field_names = self.get_field_names(declared_fields, info)
  File "C:\Users\hardcase1\.virtualenvs\series-EAOB5IHD\lib\site-packages\rest_framework\serializers.py", line 1134, in get_field_names
    assert field_name in fields, (
AssertionError: The field 'days_until_free_access' was declared on serializer DetailSeasonSerializer, but has not been included in the 'fields' option.
ERROR || 2020-07-16 20:20:19,665 || basehttp || "GET /archives/tvseries/9/seasons/105/ HTTP/1.1" 500 165084
ERROR || 2020-07-16 20:20:36,206 || log || Internal Server Error: /archives/tvseries/9/seasons/105/
Traceback (most recent call last):
  File "C:\Users\hardcase1\.virtualenvs\series-EAOB5IHD\lib\site-packages\django\core\handlers\exception.py", line 34, in inner
    response = get_response(request)
  File "C:\Users\hardcase1\.virtualenvs\series-EAOB5IHD\lib\site-packages\django\core\handlers\base.py", line 115, in _get_response
    response = self.process_exception_by_middleware(e, request)
  File "C:\Users\hardcase1\.virtualenvs\series-EAOB5IHD\lib\site-packages\django\core\handlers\base.py", line 113, in _get_response
    response = wrapped_callback(request, *callback_args, **callback_kwargs)
  File "C:\Users\hardcase1\.virtualenvs\series-EAOB5IHD\lib\site-packages\django\views\decorators\csrf.py", line 54, in wrapped_view
    return view_func(*args, **kwargs)
  File "C:\Users\hardcase1\.virtualenvs\series-EAOB5IHD\lib\site-packages\rest_framework\viewsets.py", line 114, in view
    return self.dispatch(request, *args, **kwargs)
  File "C:\Users\hardcase1\PycharmProjects\series\archives\views.py", line 225, in dispatch
    return super().dispatch(request, *args, **kwargs)
  File "C:\Users\hardcase1\.virtualenvs\series-EAOB5IHD\lib\site-packages\rest_framework\views.py", line 505, in dispatch
    response = self.handle_exception(exc)
  File "C:\Users\hardcase1\.virtualenvs\series-EAOB5IHD\lib\site-packages\rest_framework\views.py", line 465, in handle_exception
    self.raise_uncaught_exception(exc)
  File "C:\Users\hardcase1\.virtualenvs\series-EAOB5IHD\lib\site-packages\rest_framework\views.py", line 476, in raise_uncaught_exception
    raise exc
  File "C:\Users\hardcase1\.virtualenvs\series-EAOB5IHD\lib\site-packages\rest_framework\views.py", line 502, in dispatch
    response = handler(request, *args, **kwargs)
  File "C:\Users\hardcase1\.virtualenvs\series-EAOB5IHD\lib\site-packages\rest_framework\mixins.py", line 56, in retrieve
    return Response(serializer.data)
  File "C:\Users\hardcase1\.virtualenvs\series-EAOB5IHD\lib\site-packages\rest_framework\serializers.py", line 562, in data
    ret = super().data
  File "C:\Users\hardcase1\.virtualenvs\series-EAOB5IHD\lib\site-packages\rest_framework\serializers.py", line 260, in data
    self._data = self.to_representation(self.instance)
  File "C:\Users\hardcase1\.virtualenvs\series-EAOB5IHD\lib\site-packages\rest_framework\serializers.py", line 529, in to_representation
    ret[field.field_name] = field.to_representation(attribute)
  File "C:\Users\hardcase1\.virtualenvs\series-EAOB5IHD\lib\site-packages\rest_framework\fields.py", line 1904, in to_representation
    method = getattr(self.parent, self.method_name)
AttributeError: 'DetailSeasonSerializer' object has no attribute 'get_days_until_free_access'
ERROR || 2020-07-16 20:20:36,306 || basehttp || "GET /archives/tvseries/9/seasons/105/ HTTP/1.1" 500 149878
ERROR || 2020-07-16 20:31:12,897 || log || Internal Server Error: /archives/tvseries/9/seasons/105/
Traceback (most recent call last):
  File "C:\Users\hardcase1\.virtualenvs\series-EAOB5IHD\lib\site-packages\django\core\handlers\exception.py", line 34, in inner
    response = get_response(request)
  File "C:\Users\hardcase1\.virtualenvs\series-EAOB5IHD\lib\site-packages\django\core\handlers\base.py", line 115, in _get_response
    response = self.process_exception_by_middleware(e, request)
  File "C:\Users\hardcase1\.virtualenvs\series-EAOB5IHD\lib\site-packages\django\core\handlers\base.py", line 113, in _get_response
    response = wrapped_callback(request, *callback_args, **callback_kwargs)
  File "C:\Users\hardcase1\.virtualenvs\series-EAOB5IHD\lib\site-packages\django\views\decorators\csrf.py", line 54, in wrapped_view
    return view_func(*args, **kwargs)
  File "C:\Users\hardcase1\.virtualenvs\series-EAOB5IHD\lib\site-packages\rest_framework\viewsets.py", line 114, in view
    return self.dispatch(request, *args, **kwargs)
  File "C:\Users\hardcase1\PycharmProjects\series\archives\views.py", line 225, in dispatch
    return super().dispatch(request, *args, **kwargs)
  File "C:\Users\hardcase1\.virtualenvs\series-EAOB5IHD\lib\site-packages\rest_framework\views.py", line 505, in dispatch
    response = self.handle_exception(exc)
  File "C:\Users\hardcase1\.virtualenvs\series-EAOB5IHD\lib\site-packages\rest_framework\views.py", line 465, in handle_exception
    self.raise_uncaught_exception(exc)
  File "C:\Users\hardcase1\.virtualenvs\series-EAOB5IHD\lib\site-packages\rest_framework\views.py", line 476, in raise_uncaught_exception
    raise exc
  File "C:\Users\hardcase1\.virtualenvs\series-EAOB5IHD\lib\site-packages\rest_framework\views.py", line 502, in dispatch
    response = handler(request, *args, **kwargs)
  File "C:\Users\hardcase1\.virtualenvs\series-EAOB5IHD\lib\site-packages\rest_framework\mixins.py", line 55, in retrieve
    serializer = self.get_serializer(instance)
  File "C:\Users\hardcase1\.virtualenvs\series-EAOB5IHD\lib\site-packages\rest_framework\generics.py", line 110, in get_serializer
    return serializer_class(*args, **kwargs)
  File "C:\Users\hardcase1\PycharmProjects\series\series\helpers\serializer_mixins.py", line 86, in __init__
    _fields = MappingProxyType(self.fields)
  File "C:\Users\hardcase1\.virtualenvs\series-EAOB5IHD\lib\site-packages\django\utils\functional.py", line 48, in __get__
    res = instance.__dict__[self.name] = self.func(instance)
  File "C:\Users\hardcase1\.virtualenvs\series-EAOB5IHD\lib\site-packages\rest_framework\serializers.py", line 363, in fields
    for key, value in self.get_fields().items():
  File "C:\Users\hardcase1\PycharmProjects\series\archives\serializers.py", line 318, in get_fields
    fields.pop('time_until_free_access')
KeyError: 'time_until_free_access'
ERROR || 2020-07-16 20:31:12,975 || basehttp || "GET /archives/tvseries/9/seasons/105/ HTTP/1.1" 500 148999
ERROR || 2020-07-16 20:31:14,593 || log || Internal Server Error: /archives/tvseries/9/seasons/105/
Traceback (most recent call last):
  File "C:\Users\hardcase1\.virtualenvs\series-EAOB5IHD\lib\site-packages\django\core\handlers\exception.py", line 34, in inner
    response = get_response(request)
  File "C:\Users\hardcase1\.virtualenvs\series-EAOB5IHD\lib\site-packages\django\core\handlers\base.py", line 115, in _get_response
    response = self.process_exception_by_middleware(e, request)
  File "C:\Users\hardcase1\.virtualenvs\series-EAOB5IHD\lib\site-packages\django\core\handlers\base.py", line 113, in _get_response
    response = wrapped_callback(request, *callback_args, **callback_kwargs)
  File "C:\Users\hardcase1\.virtualenvs\series-EAOB5IHD\lib\site-packages\django\views\decorators\csrf.py", line 54, in wrapped_view
    return view_func(*args, **kwargs)
  File "C:\Users\hardcase1\.virtualenvs\series-EAOB5IHD\lib\site-packages\rest_framework\viewsets.py", line 114, in view
    return self.dispatch(request, *args, **kwargs)
  File "C:\Users\hardcase1\PycharmProjects\series\archives\views.py", line 225, in dispatch
    return super().dispatch(request, *args, **kwargs)
  File "C:\Users\hardcase1\.virtualenvs\series-EAOB5IHD\lib\site-packages\rest_framework\views.py", line 505, in dispatch
    response = self.handle_exception(exc)
  File "C:\Users\hardcase1\.virtualenvs\series-EAOB5IHD\lib\site-packages\rest_framework\views.py", line 465, in handle_exception
    self.raise_uncaught_exception(exc)
  File "C:\Users\hardcase1\.virtualenvs\series-EAOB5IHD\lib\site-packages\rest_framework\views.py", line 476, in raise_uncaught_exception
    raise exc
  File "C:\Users\hardcase1\.virtualenvs\series-EAOB5IHD\lib\site-packages\rest_framework\views.py", line 502, in dispatch
    response = handler(request, *args, **kwargs)
  File "C:\Users\hardcase1\.virtualenvs\series-EAOB5IHD\lib\site-packages\rest_framework\mixins.py", line 55, in retrieve
    serializer = self.get_serializer(instance)
  File "C:\Users\hardcase1\.virtualenvs\series-EAOB5IHD\lib\site-packages\rest_framework\generics.py", line 110, in get_serializer
    return serializer_class(*args, **kwargs)
  File "C:\Users\hardcase1\PycharmProjects\series\series\helpers\serializer_mixins.py", line 86, in __init__
    _fields = MappingProxyType(self.fields)
  File "C:\Users\hardcase1\.virtualenvs\series-EAOB5IHD\lib\site-packages\django\utils\functional.py", line 48, in __get__
    res = instance.__dict__[self.name] = self.func(instance)
  File "C:\Users\hardcase1\.virtualenvs\series-EAOB5IHD\lib\site-packages\rest_framework\serializers.py", line 363, in fields
    for key, value in self.get_fields().items():
  File "C:\Users\hardcase1\PycharmProjects\series\archives\serializers.py", line 318, in get_fields
    fields.pop('time_until_free_access')
KeyError: 'time_until_free_access'
ERROR || 2020-07-16 20:31:14,672 || basehttp || "GET /archives/tvseries/9/seasons/105/ HTTP/1.1" 500 148999
WARNING || 2020-07-17 10:19:46,994 || log || Not Found: /ãûóêû/
WARNING || 2020-07-17 10:19:46,996 || basehttp || "GET /%D0%B3%D1%8B%D1%83%D0%BA%D1%8B/ HTTP/1.1" 404 12182
WARNING || 2020-07-17 10:19:47,441 || log || Not Found: /favicon.ico
WARNING || 2020-07-17 10:19:47,441 || basehttp || "GET /favicon.ico HTTP/1.1" 404 12161
WARNING || 2020-07-17 10:19:51,601 || log || Not Found: /users/
WARNING || 2020-07-17 10:19:51,602 || basehttp || "GET /users/ HTTP/1.1" 404 12146
WARNING || 2020-07-17 10:20:01,923 || log || Not Found: /archives/users
WARNING || 2020-07-17 10:20:01,923 || basehttp || "GET /archives/users HTTP/1.1" 404 12430
WARNING || 2020-07-17 10:20:07,121 || log || Not Found: /users
WARNING || 2020-07-17 10:20:07,122 || basehttp || "GET /users HTTP/1.1" 404 12143
WARNING || 2020-07-17 10:20:34,091 || log || Forbidden: /auth/users/
WARNING || 2020-07-17 10:20:34,091 || basehttp || "GET /auth/users/ HTTP/1.1" 403 14495
WARNING || 2020-07-17 10:28:00,849 || log || Forbidden: /auth/users/
WARNING || 2020-07-17 10:28:00,850 || basehttp || "GET /auth/users/ HTTP/1.1" 403 14495
WARNING || 2020-07-17 10:28:16,367 || log || Forbidden: /auth/users/
WARNING || 2020-07-17 10:28:16,368 || basehttp || "GET /auth/users/ HTTP/1.1" 403 14495
ERROR || 2020-07-17 10:43:17,768 || log || Internal Server Error: /auth/users/
Traceback (most recent call last):
  File "C:\Users\hardcase1\.virtualenvs\series-EAOB5IHD\lib\site-packages\django\core\handlers\exception.py", line 34, in inner
    response = get_response(request)
  File "C:\Users\hardcase1\.virtualenvs\series-EAOB5IHD\lib\site-packages\django\core\handlers\base.py", line 115, in _get_response
    response = self.process_exception_by_middleware(e, request)
  File "C:\Users\hardcase1\.virtualenvs\series-EAOB5IHD\lib\site-packages\django\core\handlers\base.py", line 113, in _get_response
    response = wrapped_callback(request, *callback_args, **callback_kwargs)
  File "C:\Users\hardcase1\.virtualenvs\series-EAOB5IHD\lib\site-packages\django\views\decorators\csrf.py", line 54, in wrapped_view
    return view_func(*args, **kwargs)
  File "C:\Users\hardcase1\.virtualenvs\series-EAOB5IHD\lib\site-packages\rest_framework\viewsets.py", line 114, in view
    return self.dispatch(request, *args, **kwargs)
  File "C:\Users\hardcase1\.virtualenvs\series-EAOB5IHD\lib\site-packages\rest_framework\views.py", line 505, in dispatch
    response = self.handle_exception(exc)
  File "C:\Users\hardcase1\.virtualenvs\series-EAOB5IHD\lib\site-packages\rest_framework\views.py", line 465, in handle_exception
    self.raise_uncaught_exception(exc)
  File "C:\Users\hardcase1\.virtualenvs\series-EAOB5IHD\lib\site-packages\rest_framework\views.py", line 476, in raise_uncaught_exception
    raise exc
  File "C:\Users\hardcase1\.virtualenvs\series-EAOB5IHD\lib\site-packages\rest_framework\views.py", line 502, in dispatch
    response = handler(request, *args, **kwargs)
  File "C:\Users\hardcase1\.virtualenvs\series-EAOB5IHD\lib\site-packages\rest_framework\mixins.py", line 38, in list
    queryset = self.filter_queryset(self.get_queryset())
  File "C:\Users\hardcase1\PycharmProjects\series\users\views.py", line 50, in get_queryset
    if settings.HIDE_USERS and self.action == "list" and not user.is_staff:
  File "C:\Users\hardcase1\.virtualenvs\series-EAOB5IHD\lib\site-packages\django\conf\__init__.py", line 77, in __getattr__
    val = getattr(self._wrapped, name)
AttributeError: 'Settings' object has no attribute 'HIDE_USERS'
ERROR || 2020-07-17 10:43:17,857 || basehttp || "GET /auth/users/ HTTP/1.1" 500 130344
ERROR || 2020-07-17 10:43:36,394 || log || Internal Server Error: /auth/users/
Traceback (most recent call last):
  File "C:\Users\hardcase1\.virtualenvs\series-EAOB5IHD\lib\site-packages\django\core\handlers\exception.py", line 34, in inner
    response = get_response(request)
  File "C:\Users\hardcase1\.virtualenvs\series-EAOB5IHD\lib\site-packages\django\core\handlers\base.py", line 115, in _get_response
    response = self.process_exception_by_middleware(e, request)
  File "C:\Users\hardcase1\.virtualenvs\series-EAOB5IHD\lib\site-packages\django\core\handlers\base.py", line 113, in _get_response
    response = wrapped_callback(request, *callback_args, **callback_kwargs)
  File "C:\Users\hardcase1\.virtualenvs\series-EAOB5IHD\lib\site-packages\django\views\decorators\csrf.py", line 54, in wrapped_view
    return view_func(*args, **kwargs)
  File "C:\Users\hardcase1\.virtualenvs\series-EAOB5IHD\lib\site-packages\rest_framework\viewsets.py", line 114, in view
    return self.dispatch(request, *args, **kwargs)
  File "C:\Users\hardcase1\.virtualenvs\series-EAOB5IHD\lib\site-packages\rest_framework\views.py", line 505, in dispatch
    response = self.handle_exception(exc)
  File "C:\Users\hardcase1\.virtualenvs\series-EAOB5IHD\lib\site-packages\rest_framework\views.py", line 465, in handle_exception
    self.raise_uncaught_exception(exc)
  File "C:\Users\hardcase1\.virtualenvs\series-EAOB5IHD\lib\site-packages\rest_framework\views.py", line 476, in raise_uncaught_exception
    raise exc
  File "C:\Users\hardcase1\.virtualenvs\series-EAOB5IHD\lib\site-packages\rest_framework\views.py", line 502, in dispatch
    response = handler(request, *args, **kwargs)
  File "C:\Users\hardcase1\.virtualenvs\series-EAOB5IHD\lib\site-packages\rest_framework\mixins.py", line 38, in list
    queryset = self.filter_queryset(self.get_queryset())
  File "C:\Users\hardcase1\.virtualenvs\series-EAOB5IHD\lib\site-packages\rest_framework\generics.py", line 150, in filter_queryset
    queryset = backend().filter_queryset(self.request, queryset, self)
  File "C:\Users\hardcase1\.virtualenvs\series-EAOB5IHD\lib\site-packages\django_filters\rest_framework\backends.py", line 90, in filter_queryset
    filterset = self.get_filterset(request, queryset, view)
  File "C:\Users\hardcase1\.virtualenvs\series-EAOB5IHD\lib\site-packages\django_filters\rest_framework\backends.py", line 31, in get_filterset
    filterset_class = self.get_filterset_class(view, queryset)
  File "C:\Users\hardcase1\.virtualenvs\series-EAOB5IHD\lib\site-packages\django_filters\rest_framework\backends.py", line 64, in get_filterset_class
    assert issubclass(queryset.model, filterset_model), \
AttributeError: 'list' object has no attribute 'model'
ERROR || 2020-07-17 10:43:36,478 || basehttp || "GET /auth/users/ HTTP/1.1" 500 139085
ERROR || 2020-07-17 10:55:03,820 || log || Internal Server Error: /auth/users/me/
Traceback (most recent call last):
  File "C:\Users\hardcase1\.virtualenvs\series-EAOB5IHD\lib\site-packages\rest_framework\fields.py", line 454, in get_attribute
    return get_attribute(instance, self.source_attrs)
  File "C:\Users\hardcase1\.virtualenvs\series-EAOB5IHD\lib\site-packages\rest_framework\fields.py", line 94, in get_attribute
    instance = getattr(instance, attr)
  File "C:\Users\hardcase1\.virtualenvs\series-EAOB5IHD\lib\site-packages\django\utils\functional.py", line 225, in inner
    return func(self._wrapped, *args)
AttributeError: 'User' object has no attribute 'slv'

During handling of the above exception, another exception occurred:

Traceback (most recent call last):
  File "C:\Users\hardcase1\.virtualenvs\series-EAOB5IHD\lib\site-packages\django\core\handlers\exception.py", line 34, in inner
    response = get_response(request)
  File "C:\Users\hardcase1\.virtualenvs\series-EAOB5IHD\lib\site-packages\django\core\handlers\base.py", line 115, in _get_response
    response = self.process_exception_by_middleware(e, request)
  File "C:\Users\hardcase1\.virtualenvs\series-EAOB5IHD\lib\site-packages\django\core\handlers\base.py", line 113, in _get_response
    response = wrapped_callback(request, *callback_args, **callback_kwargs)
  File "C:\Users\hardcase1\.virtualenvs\series-EAOB5IHD\lib\site-packages\django\views\decorators\csrf.py", line 54, in wrapped_view
    return view_func(*args, **kwargs)
  File "C:\Users\hardcase1\.virtualenvs\series-EAOB5IHD\lib\site-packages\rest_framework\viewsets.py", line 114, in view
    return self.dispatch(request, *args, **kwargs)
  File "C:\Users\hardcase1\.virtualenvs\series-EAOB5IHD\lib\site-packages\rest_framework\views.py", line 505, in dispatch
    response = self.handle_exception(exc)
  File "C:\Users\hardcase1\.virtualenvs\series-EAOB5IHD\lib\site-packages\rest_framework\views.py", line 465, in handle_exception
    self.raise_uncaught_exception(exc)
  File "C:\Users\hardcase1\.virtualenvs\series-EAOB5IHD\lib\site-packages\rest_framework\views.py", line 476, in raise_uncaught_exception
    raise exc
  File "C:\Users\hardcase1\.virtualenvs\series-EAOB5IHD\lib\site-packages\rest_framework\views.py", line 502, in dispatch
    response = handler(request, *args, **kwargs)
  File "C:\Users\hardcase1\.virtualenvs\series-EAOB5IHD\lib\site-packages\djoser\views.py", line 171, in me
    return self.retrieve(request, *args, **kwargs)
  File "C:\Users\hardcase1\.virtualenvs\series-EAOB5IHD\lib\site-packages\rest_framework\mixins.py", line 56, in retrieve
    return Response(serializer.data)
  File "C:\Users\hardcase1\.virtualenvs\series-EAOB5IHD\lib\site-packages\rest_framework\serializers.py", line 562, in data
    ret = super().data
  File "C:\Users\hardcase1\.virtualenvs\series-EAOB5IHD\lib\site-packages\rest_framework\serializers.py", line 260, in data
    self._data = self.to_representation(self.instance)
  File "C:\Users\hardcase1\.virtualenvs\series-EAOB5IHD\lib\site-packages\rest_framework\serializers.py", line 516, in to_representation
    attribute = field.get_attribute(instance)
  File "C:\Users\hardcase1\.virtualenvs\series-EAOB5IHD\lib\site-packages\rest_framework\fields.py", line 487, in get_attribute
    raise type(exc)(msg)
AttributeError: Got AttributeError when attempting to get a value for field `slave_accounts_ids` on serializer `CustomUserSerializer`.
The serializer field might be named incorrectly and not match any attribute or key on the `User` instance.
Original exception text was: 'User' object has no attribute 'slv'.
ERROR || 2020-07-17 10:55:03,859 || basehttp || "GET /auth/users/me/ HTTP/1.1" 500 186703
ERROR || 2020-07-17 10:55:49,821 || log || Internal Server Error: /auth/users/me/
Traceback (most recent call last):
  File "C:\Users\hardcase1\.virtualenvs\series-EAOB5IHD\lib\site-packages\rest_framework\fields.py", line 454, in get_attribute
    return get_attribute(instance, self.source_attrs)
  File "C:\Users\hardcase1\.virtualenvs\series-EAOB5IHD\lib\site-packages\rest_framework\fields.py", line 94, in get_attribute
    instance = getattr(instance, attr)
  File "C:\Users\hardcase1\.virtualenvs\series-EAOB5IHD\lib\site-packages\django\utils\functional.py", line 225, in inner
    return func(self._wrapped, *args)
AttributeError: 'User' object has no attribute 'slv'

During handling of the above exception, another exception occurred:

Traceback (most recent call last):
  File "C:\Users\hardcase1\.virtualenvs\series-EAOB5IHD\lib\site-packages\django\core\handlers\exception.py", line 34, in inner
    response = get_response(request)
  File "C:\Users\hardcase1\.virtualenvs\series-EAOB5IHD\lib\site-packages\django\core\handlers\base.py", line 115, in _get_response
    response = self.process_exception_by_middleware(e, request)
  File "C:\Users\hardcase1\.virtualenvs\series-EAOB5IHD\lib\site-packages\django\core\handlers\base.py", line 113, in _get_response
    response = wrapped_callback(request, *callback_args, **callback_kwargs)
  File "C:\Users\hardcase1\.virtualenvs\series-EAOB5IHD\lib\site-packages\django\views\decorators\csrf.py", line 54, in wrapped_view
    return view_func(*args, **kwargs)
  File "C:\Users\hardcase1\.virtualenvs\series-EAOB5IHD\lib\site-packages\rest_framework\viewsets.py", line 114, in view
    return self.dispatch(request, *args, **kwargs)
  File "C:\Users\hardcase1\.virtualenvs\series-EAOB5IHD\lib\site-packages\rest_framework\views.py", line 505, in dispatch
    response = self.handle_exception(exc)
  File "C:\Users\hardcase1\.virtualenvs\series-EAOB5IHD\lib\site-packages\rest_framework\views.py", line 465, in handle_exception
    self.raise_uncaught_exception(exc)
  File "C:\Users\hardcase1\.virtualenvs\series-EAOB5IHD\lib\site-packages\rest_framework\views.py", line 476, in raise_uncaught_exception
    raise exc
  File "C:\Users\hardcase1\.virtualenvs\series-EAOB5IHD\lib\site-packages\rest_framework\views.py", line 502, in dispatch
    response = handler(request, *args, **kwargs)
  File "C:\Users\hardcase1\.virtualenvs\series-EAOB5IHD\lib\site-packages\djoser\views.py", line 171, in me
    return self.retrieve(request, *args, **kwargs)
  File "C:\Users\hardcase1\.virtualenvs\series-EAOB5IHD\lib\site-packages\rest_framework\mixins.py", line 56, in retrieve
    return Response(serializer.data)
  File "C:\Users\hardcase1\.virtualenvs\series-EAOB5IHD\lib\site-packages\rest_framework\serializers.py", line 562, in data
    ret = super().data
  File "C:\Users\hardcase1\.virtualenvs\series-EAOB5IHD\lib\site-packages\rest_framework\serializers.py", line 260, in data
    self._data = self.to_representation(self.instance)
  File "C:\Users\hardcase1\.virtualenvs\series-EAOB5IHD\lib\site-packages\rest_framework\serializers.py", line 516, in to_representation
    attribute = field.get_attribute(instance)
  File "C:\Users\hardcase1\.virtualenvs\series-EAOB5IHD\lib\site-packages\rest_framework\fields.py", line 487, in get_attribute
    raise type(exc)(msg)
AttributeError: Got AttributeError when attempting to get a value for field `slave_accounts_ids` on serializer `CustomUserSerializer`.
The serializer field might be named incorrectly and not match any attribute or key on the `User` instance.
Original exception text was: 'User' object has no attribute 'slv'.
ERROR || 2020-07-17 10:55:49,863 || basehttp || "GET /auth/users/me/ HTTP/1.1" 500 186703
ERROR || 2020-07-17 12:03:24,012 || log || Internal Server Error: /auth/users/me/
Traceback (most recent call last):
  File "C:\Users\hardcase1\.virtualenvs\series-EAOB5IHD\lib\site-packages\rest_framework\fields.py", line 454, in get_attribute
    return get_attribute(instance, self.source_attrs)
  File "C:\Users\hardcase1\.virtualenvs\series-EAOB5IHD\lib\site-packages\rest_framework\fields.py", line 94, in get_attribute
    instance = getattr(instance, attr)
  File "C:\Users\hardcase1\.virtualenvs\series-EAOB5IHD\lib\site-packages\django\utils\functional.py", line 225, in inner
    return func(self._wrapped, *args)
AttributeError: 'User' object has no attribute 'slv'

During handling of the above exception, another exception occurred:

Traceback (most recent call last):
  File "C:\Users\hardcase1\.virtualenvs\series-EAOB5IHD\lib\site-packages\django\core\handlers\exception.py", line 34, in inner
    response = get_response(request)
  File "C:\Users\hardcase1\.virtualenvs\series-EAOB5IHD\lib\site-packages\django\core\handlers\base.py", line 115, in _get_response
    response = self.process_exception_by_middleware(e, request)
  File "C:\Users\hardcase1\.virtualenvs\series-EAOB5IHD\lib\site-packages\django\core\handlers\base.py", line 113, in _get_response
    response = wrapped_callback(request, *callback_args, **callback_kwargs)
  File "C:\Users\hardcase1\.virtualenvs\series-EAOB5IHD\lib\site-packages\django\views\decorators\csrf.py", line 54, in wrapped_view
    return view_func(*args, **kwargs)
  File "C:\Users\hardcase1\.virtualenvs\series-EAOB5IHD\lib\site-packages\rest_framework\viewsets.py", line 114, in view
    return self.dispatch(request, *args, **kwargs)
  File "C:\Users\hardcase1\.virtualenvs\series-EAOB5IHD\lib\site-packages\rest_framework\views.py", line 505, in dispatch
    response = self.handle_exception(exc)
  File "C:\Users\hardcase1\.virtualenvs\series-EAOB5IHD\lib\site-packages\rest_framework\views.py", line 465, in handle_exception
    self.raise_uncaught_exception(exc)
  File "C:\Users\hardcase1\.virtualenvs\series-EAOB5IHD\lib\site-packages\rest_framework\views.py", line 476, in raise_uncaught_exception
    raise exc
  File "C:\Users\hardcase1\.virtualenvs\series-EAOB5IHD\lib\site-packages\rest_framework\views.py", line 502, in dispatch
    response = handler(request, *args, **kwargs)
  File "C:\Users\hardcase1\.virtualenvs\series-EAOB5IHD\lib\site-packages\djoser\views.py", line 171, in me
    return self.retrieve(request, *args, **kwargs)
  File "C:\Users\hardcase1\.virtualenvs\series-EAOB5IHD\lib\site-packages\rest_framework\mixins.py", line 56, in retrieve
    return Response(serializer.data)
  File "C:\Users\hardcase1\.virtualenvs\series-EAOB5IHD\lib\site-packages\rest_framework\serializers.py", line 562, in data
    ret = super().data
  File "C:\Users\hardcase1\.virtualenvs\series-EAOB5IHD\lib\site-packages\rest_framework\serializers.py", line 260, in data
    self._data = self.to_representation(self.instance)
  File "C:\Users\hardcase1\.virtualenvs\series-EAOB5IHD\lib\site-packages\rest_framework\serializers.py", line 516, in to_representation
    attribute = field.get_attribute(instance)
  File "C:\Users\hardcase1\.virtualenvs\series-EAOB5IHD\lib\site-packages\rest_framework\fields.py", line 487, in get_attribute
    raise type(exc)(msg)
AttributeError: Got AttributeError when attempting to get a value for field `slave_accounts_ids` on serializer `CustomUserSerializer`.
The serializer field might be named incorrectly and not match any attribute or key on the `User` instance.
Original exception text was: 'User' object has no attribute 'slv'.
ERROR || 2020-07-17 12:03:24,066 || basehttp || "GET /auth/users/me/ HTTP/1.1" 500 186703
ERROR || 2020-07-17 12:15:18,377 || log || Internal Server Error: /auth/users/
Traceback (most recent call last):
  File "C:\Users\hardcase1\.virtualenvs\series-EAOB5IHD\lib\site-packages\django\core\handlers\exception.py", line 34, in inner
    response = get_response(request)
  File "C:\Users\hardcase1\.virtualenvs\series-EAOB5IHD\lib\site-packages\django\core\handlers\base.py", line 115, in _get_response
    response = self.process_exception_by_middleware(e, request)
  File "C:\Users\hardcase1\.virtualenvs\series-EAOB5IHD\lib\site-packages\django\core\handlers\base.py", line 113, in _get_response
    response = wrapped_callback(request, *callback_args, **callback_kwargs)
  File "C:\Users\hardcase1\.virtualenvs\series-EAOB5IHD\lib\site-packages\django\views\decorators\csrf.py", line 54, in wrapped_view
    return view_func(*args, **kwargs)
  File "C:\Users\hardcase1\.virtualenvs\series-EAOB5IHD\lib\site-packages\rest_framework\viewsets.py", line 114, in view
    return self.dispatch(request, *args, **kwargs)
  File "C:\Users\hardcase1\.virtualenvs\series-EAOB5IHD\lib\site-packages\rest_framework\views.py", line 505, in dispatch
    response = self.handle_exception(exc)
  File "C:\Users\hardcase1\.virtualenvs\series-EAOB5IHD\lib\site-packages\rest_framework\views.py", line 465, in handle_exception
    self.raise_uncaught_exception(exc)
  File "C:\Users\hardcase1\.virtualenvs\series-EAOB5IHD\lib\site-packages\rest_framework\views.py", line 476, in raise_uncaught_exception
    raise exc
  File "C:\Users\hardcase1\.virtualenvs\series-EAOB5IHD\lib\site-packages\rest_framework\views.py", line 502, in dispatch
    response = handler(request, *args, **kwargs)
  File "C:\Users\hardcase1\.virtualenvs\series-EAOB5IHD\lib\site-packages\rest_framework\mixins.py", line 43, in list
    return self.get_paginated_response(serializer.data)
  File "C:\Users\hardcase1\.virtualenvs\series-EAOB5IHD\lib\site-packages\rest_framework\serializers.py", line 760, in data
    ret = super().data
  File "C:\Users\hardcase1\.virtualenvs\series-EAOB5IHD\lib\site-packages\rest_framework\serializers.py", line 260, in data
    self._data = self.to_representation(self.instance)
  File "C:\Users\hardcase1\.virtualenvs\series-EAOB5IHD\lib\site-packages\rest_framework\serializers.py", line 677, in to_representation
    return [
  File "C:\Users\hardcase1\.virtualenvs\series-EAOB5IHD\lib\site-packages\rest_framework\serializers.py", line 678, in <listcomp>
    self.child.to_representation(item) for item in iterable
  File "C:\Users\hardcase1\PycharmProjects\series\users\serializers.py", line 95, in to_representation
    [data['slave_accounts_ids']] = data['slave_accounts_ids']
ValueError: too many values to unpack (expected 1)
ERROR || 2020-07-17 12:15:18,543 || basehttp || "GET /auth/users/ HTTP/1.1" 500 186576
WARNING || 2020-07-17 12:19:37,471 || log || Bad Request: /auth/users/confirm_undelete_account/
WARNING || 2020-07-17 12:19:37,951 || log || Bad Request: /auth/users/
WARNING || 2020-07-17 12:19:37,951 || log || Bad Request: /auth/users/
WARNING || 2020-07-17 12:19:37,966 || log || Bad Request: /auth/users/
WARNING || 2020-07-17 12:19:38,214 || log || Bad Request: /auth/users/
WARNING || 2020-07-17 12:19:38,236 || log || Bad Request: /auth/users/
WARNING || 2020-07-17 12:19:38,730 || log || Bad Request: /auth/jwt/create
WARNING || 2020-07-17 12:19:38,984 || log || Forbidden: /auth/users/master_slave_interchange/
WARNING || 2020-07-17 12:19:39,754 || log || Too Many Requests: /auth/users/master_slave_interchange/
WARNING || 2020-07-17 12:19:39,986 || log || Bad Request: /auth/users/master_slave_interchange/
WARNING || 2020-07-17 12:19:40,055 || log || Bad Request: /auth/jwt/refresh
WARNING || 2020-07-17 12:19:40,071 || log || Unauthorized: /auth/jwt/refresh
WARNING || 2020-07-17 12:19:40,519 || log || Bad Request: /auth/users/set_slaves/
WARNING || 2020-07-17 12:19:40,920 || log || Bad Request: /auth/users/set_slaves/
WARNING || 2020-07-17 12:19:41,425 || log || Bad Request: /auth/users/set_slaves/
WARNING || 2020-07-17 12:19:41,495 || log || Forbidden: /auth/users/resend_activation/
WARNING || 2020-07-17 12:19:41,510 || log || Forbidden: /auth/users/resend_activation/
WARNING || 2020-07-17 12:19:41,564 || log || Too Many Requests: /auth/users/resend_activation/
WARNING || 2020-07-17 12:19:42,081 || log || Too Many Requests: /auth/users/undelete_account/
WARNING || 2020-07-17 12:19:42,482 || log || Bad Request: /auth/users/undelete_account/
ERROR || 2020-07-17 12:19:46,309 || log || Internal Server Error: /auth/users/me/
Traceback (most recent call last):
  File "C:\Users\hardcase1\.virtualenvs\series-EAOB5IHD\lib\site-packages\django\core\handlers\exception.py", line 34, in inner
    response = get_response(request)
  File "C:\Users\hardcase1\.virtualenvs\series-EAOB5IHD\lib\site-packages\django\core\handlers\base.py", line 115, in _get_response
    response = self.process_exception_by_middleware(e, request)
  File "C:\Users\hardcase1\.virtualenvs\series-EAOB5IHD\lib\site-packages\django\core\handlers\base.py", line 113, in _get_response
    response = wrapped_callback(request, *callback_args, **callback_kwargs)
  File "C:\Users\hardcase1\.virtualenvs\series-EAOB5IHD\lib\site-packages\django\views\decorators\csrf.py", line 54, in wrapped_view
    return view_func(*args, **kwargs)
  File "C:\Users\hardcase1\.virtualenvs\series-EAOB5IHD\lib\site-packages\rest_framework\viewsets.py", line 114, in view
    return self.dispatch(request, *args, **kwargs)
  File "C:\Users\hardcase1\.virtualenvs\series-EAOB5IHD\lib\site-packages\rest_framework\views.py", line 505, in dispatch
    response = self.handle_exception(exc)
  File "C:\Users\hardcase1\.virtualenvs\series-EAOB5IHD\lib\site-packages\rest_framework\views.py", line 465, in handle_exception
    self.raise_uncaught_exception(exc)
  File "C:\Users\hardcase1\.virtualenvs\series-EAOB5IHD\lib\site-packages\rest_framework\views.py", line 476, in raise_uncaught_exception
    raise exc
  File "C:\Users\hardcase1\.virtualenvs\series-EAOB5IHD\lib\site-packages\rest_framework\views.py", line 502, in dispatch
    response = handler(request, *args, **kwargs)
  File "C:\Users\hardcase1\.virtualenvs\series-EAOB5IHD\lib\site-packages\djoser\views.py", line 171, in me
    return self.retrieve(request, *args, **kwargs)
  File "C:\Users\hardcase1\.virtualenvs\series-EAOB5IHD\lib\site-packages\rest_framework\mixins.py", line 56, in retrieve
    return Response(serializer.data)
  File "C:\Users\hardcase1\.virtualenvs\series-EAOB5IHD\lib\site-packages\rest_framework\serializers.py", line 562, in data
    ret = super().data
  File "C:\Users\hardcase1\.virtualenvs\series-EAOB5IHD\lib\site-packages\rest_framework\serializers.py", line 260, in data
    self._data = self.to_representation(self.instance)
  File "C:\Users\hardcase1\PycharmProjects\series\users\serializers.py", line 94, in to_representation
    if not any(data['slave_accounts_ids']):
KeyError: 'slave_accounts_ids'
ERROR || 2020-07-17 12:19:46,347 || log || Internal Server Error: /auth/users/me/
Traceback (most recent call last):
  File "C:\Users\hardcase1\.virtualenvs\series-EAOB5IHD\lib\site-packages\django\core\handlers\exception.py", line 34, in inner
    response = get_response(request)
  File "C:\Users\hardcase1\.virtualenvs\series-EAOB5IHD\lib\site-packages\django\core\handlers\base.py", line 115, in _get_response
    response = self.process_exception_by_middleware(e, request)
  File "C:\Users\hardcase1\.virtualenvs\series-EAOB5IHD\lib\site-packages\django\core\handlers\base.py", line 113, in _get_response
    response = wrapped_callback(request, *callback_args, **callback_kwargs)
  File "C:\Users\hardcase1\.virtualenvs\series-EAOB5IHD\lib\site-packages\django\views\decorators\csrf.py", line 54, in wrapped_view
    return view_func(*args, **kwargs)
  File "C:\Users\hardcase1\.virtualenvs\series-EAOB5IHD\lib\site-packages\rest_framework\viewsets.py", line 114, in view
    return self.dispatch(request, *args, **kwargs)
  File "C:\Users\hardcase1\.virtualenvs\series-EAOB5IHD\lib\site-packages\rest_framework\views.py", line 505, in dispatch
    response = self.handle_exception(exc)
  File "C:\Users\hardcase1\.virtualenvs\series-EAOB5IHD\lib\site-packages\rest_framework\views.py", line 465, in handle_exception
    self.raise_uncaught_exception(exc)
  File "C:\Users\hardcase1\.virtualenvs\series-EAOB5IHD\lib\site-packages\rest_framework\views.py", line 476, in raise_uncaught_exception
    raise exc
  File "C:\Users\hardcase1\.virtualenvs\series-EAOB5IHD\lib\site-packages\rest_framework\views.py", line 502, in dispatch
    response = handler(request, *args, **kwargs)
  File "C:\Users\hardcase1\.virtualenvs\series-EAOB5IHD\lib\site-packages\djoser\views.py", line 171, in me
    return self.retrieve(request, *args, **kwargs)
  File "C:\Users\hardcase1\.virtualenvs\series-EAOB5IHD\lib\site-packages\rest_framework\mixins.py", line 56, in retrieve
    return Response(serializer.data)
  File "C:\Users\hardcase1\.virtualenvs\series-EAOB5IHD\lib\site-packages\rest_framework\serializers.py", line 562, in data
    ret = super().data
  File "C:\Users\hardcase1\.virtualenvs\series-EAOB5IHD\lib\site-packages\rest_framework\serializers.py", line 260, in data
    self._data = self.to_representation(self.instance)
  File "C:\Users\hardcase1\PycharmProjects\series\users\serializers.py", line 94, in to_representation
    if not any(data['slave_accounts_ids']):
KeyError: 'slave_accounts_ids'
WARNING || 2020-07-17 12:20:15,878 || log || Forbidden: /auth/users/
WARNING || 2020-07-17 12:20:15,879 || basehttp || "GET /auth/users/ HTTP/1.1" 403 14495
ERROR || 2020-07-17 12:21:10,214 || log || Internal Server Error: /auth/users/me/
Traceback (most recent call last):
  File "C:\Users\hardcase1\.virtualenvs\series-EAOB5IHD\lib\site-packages\django\core\handlers\exception.py", line 34, in inner
    response = get_response(request)
  File "C:\Users\hardcase1\.virtualenvs\series-EAOB5IHD\lib\site-packages\django\core\handlers\base.py", line 115, in _get_response
    response = self.process_exception_by_middleware(e, request)
  File "C:\Users\hardcase1\.virtualenvs\series-EAOB5IHD\lib\site-packages\django\core\handlers\base.py", line 113, in _get_response
    response = wrapped_callback(request, *callback_args, **callback_kwargs)
  File "C:\Users\hardcase1\.virtualenvs\series-EAOB5IHD\lib\site-packages\django\views\decorators\csrf.py", line 54, in wrapped_view
    return view_func(*args, **kwargs)
  File "C:\Users\hardcase1\.virtualenvs\series-EAOB5IHD\lib\site-packages\rest_framework\viewsets.py", line 114, in view
    return self.dispatch(request, *args, **kwargs)
  File "C:\Users\hardcase1\.virtualenvs\series-EAOB5IHD\lib\site-packages\rest_framework\views.py", line 505, in dispatch
    response = self.handle_exception(exc)
  File "C:\Users\hardcase1\.virtualenvs\series-EAOB5IHD\lib\site-packages\rest_framework\views.py", line 465, in handle_exception
    self.raise_uncaught_exception(exc)
  File "C:\Users\hardcase1\.virtualenvs\series-EAOB5IHD\lib\site-packages\rest_framework\views.py", line 476, in raise_uncaught_exception
    raise exc
  File "C:\Users\hardcase1\.virtualenvs\series-EAOB5IHD\lib\site-packages\rest_framework\views.py", line 502, in dispatch
    response = handler(request, *args, **kwargs)
  File "C:\Users\hardcase1\.virtualenvs\series-EAOB5IHD\lib\site-packages\djoser\views.py", line 171, in me
    return self.retrieve(request, *args, **kwargs)
  File "C:\Users\hardcase1\.virtualenvs\series-EAOB5IHD\lib\site-packages\rest_framework\mixins.py", line 56, in retrieve
    return Response(serializer.data)
  File "C:\Users\hardcase1\.virtualenvs\series-EAOB5IHD\lib\site-packages\rest_framework\serializers.py", line 562, in data
    ret = super().data
  File "C:\Users\hardcase1\.virtualenvs\series-EAOB5IHD\lib\site-packages\rest_framework\serializers.py", line 260, in data
    self._data = self.to_representation(self.instance)
  File "C:\Users\hardcase1\PycharmProjects\series\users\serializers.py", line 94, in to_representation
    if not any(data['slave_accounts_ids']):
KeyError: 'slave_accounts_ids'
ERROR || 2020-07-17 12:21:43,017 || log || Internal Server Error: /auth/users/me/
Traceback (most recent call last):
  File "C:\Users\hardcase1\.virtualenvs\series-EAOB5IHD\lib\site-packages\django\core\handlers\exception.py", line 34, in inner
    response = get_response(request)
  File "C:\Users\hardcase1\.virtualenvs\series-EAOB5IHD\lib\site-packages\django\core\handlers\base.py", line 115, in _get_response
    response = self.process_exception_by_middleware(e, request)
  File "C:\Users\hardcase1\.virtualenvs\series-EAOB5IHD\lib\site-packages\django\core\handlers\base.py", line 113, in _get_response
    response = wrapped_callback(request, *callback_args, **callback_kwargs)
  File "C:\Users\hardcase1\.virtualenvs\series-EAOB5IHD\lib\site-packages\django\views\decorators\csrf.py", line 54, in wrapped_view
    return view_func(*args, **kwargs)
  File "C:\Users\hardcase1\.virtualenvs\series-EAOB5IHD\lib\site-packages\rest_framework\viewsets.py", line 114, in view
    return self.dispatch(request, *args, **kwargs)
  File "C:\Users\hardcase1\.virtualenvs\series-EAOB5IHD\lib\site-packages\rest_framework\views.py", line 505, in dispatch
    response = self.handle_exception(exc)
  File "C:\Users\hardcase1\.virtualenvs\series-EAOB5IHD\lib\site-packages\rest_framework\views.py", line 465, in handle_exception
    self.raise_uncaught_exception(exc)
  File "C:\Users\hardcase1\.virtualenvs\series-EAOB5IHD\lib\site-packages\rest_framework\views.py", line 476, in raise_uncaught_exception
    raise exc
  File "C:\Users\hardcase1\.virtualenvs\series-EAOB5IHD\lib\site-packages\rest_framework\views.py", line 502, in dispatch
    response = handler(request, *args, **kwargs)
  File "C:\Users\hardcase1\.virtualenvs\series-EAOB5IHD\lib\site-packages\djoser\views.py", line 171, in me
    return self.retrieve(request, *args, **kwargs)
  File "C:\Users\hardcase1\.virtualenvs\series-EAOB5IHD\lib\site-packages\rest_framework\mixins.py", line 56, in retrieve
    return Response(serializer.data)
  File "C:\Users\hardcase1\.virtualenvs\series-EAOB5IHD\lib\site-packages\rest_framework\serializers.py", line 562, in data
    ret = super().data
  File "C:\Users\hardcase1\.virtualenvs\series-EAOB5IHD\lib\site-packages\rest_framework\serializers.py", line 260, in data
    self._data = self.to_representation(self.instance)
  File "C:\Users\hardcase1\PycharmProjects\series\users\serializers.py", line 94, in to_representation
    if not any(data['slave_accounts_ids']):
KeyError: 'slave_accounts_ids'
ERROR || 2020-07-17 12:21:43,080 || basehttp || "GET /auth/users/me/ HTTP/1.1" 500 167739
ERROR || 2020-07-17 12:21:43,806 || log || Internal Server Error: /auth/users/me/
Traceback (most recent call last):
  File "C:\Users\hardcase1\.virtualenvs\series-EAOB5IHD\lib\site-packages\django\core\handlers\exception.py", line 34, in inner
    response = get_response(request)
  File "C:\Users\hardcase1\.virtualenvs\series-EAOB5IHD\lib\site-packages\django\core\handlers\base.py", line 115, in _get_response
    response = self.process_exception_by_middleware(e, request)
  File "C:\Users\hardcase1\.virtualenvs\series-EAOB5IHD\lib\site-packages\django\core\handlers\base.py", line 113, in _get_response
    response = wrapped_callback(request, *callback_args, **callback_kwargs)
  File "C:\Users\hardcase1\.virtualenvs\series-EAOB5IHD\lib\site-packages\django\views\decorators\csrf.py", line 54, in wrapped_view
    return view_func(*args, **kwargs)
  File "C:\Users\hardcase1\.virtualenvs\series-EAOB5IHD\lib\site-packages\rest_framework\viewsets.py", line 114, in view
    return self.dispatch(request, *args, **kwargs)
  File "C:\Users\hardcase1\.virtualenvs\series-EAOB5IHD\lib\site-packages\rest_framework\views.py", line 505, in dispatch
    response = self.handle_exception(exc)
  File "C:\Users\hardcase1\.virtualenvs\series-EAOB5IHD\lib\site-packages\rest_framework\views.py", line 465, in handle_exception
    self.raise_uncaught_exception(exc)
  File "C:\Users\hardcase1\.virtualenvs\series-EAOB5IHD\lib\site-packages\rest_framework\views.py", line 476, in raise_uncaught_exception
    raise exc
  File "C:\Users\hardcase1\.virtualenvs\series-EAOB5IHD\lib\site-packages\rest_framework\views.py", line 502, in dispatch
    response = handler(request, *args, **kwargs)
  File "C:\Users\hardcase1\.virtualenvs\series-EAOB5IHD\lib\site-packages\djoser\views.py", line 171, in me
    return self.retrieve(request, *args, **kwargs)
  File "C:\Users\hardcase1\.virtualenvs\series-EAOB5IHD\lib\site-packages\rest_framework\mixins.py", line 56, in retrieve
    return Response(serializer.data)
  File "C:\Users\hardcase1\.virtualenvs\series-EAOB5IHD\lib\site-packages\rest_framework\serializers.py", line 562, in data
    ret = super().data
  File "C:\Users\hardcase1\.virtualenvs\series-EAOB5IHD\lib\site-packages\rest_framework\serializers.py", line 260, in data
    self._data = self.to_representation(self.instance)
  File "C:\Users\hardcase1\PycharmProjects\series\users\serializers.py", line 94, in to_representation
    if not any(data['slave_accounts_ids']):
KeyError: 'slave_accounts_ids'
ERROR || 2020-07-17 12:21:43,861 || basehttp || "GET /auth/users/me/ HTTP/1.1" 500 167351
ERROR || 2020-07-17 12:22:22,547 || log || Internal Server Error: /auth/users/me/
Traceback (most recent call last):
  File "C:\Users\hardcase1\.virtualenvs\series-EAOB5IHD\lib\site-packages\django\core\handlers\exception.py", line 34, in inner
    response = get_response(request)
  File "C:\Users\hardcase1\.virtualenvs\series-EAOB5IHD\lib\site-packages\django\core\handlers\base.py", line 115, in _get_response
    response = self.process_exception_by_middleware(e, request)
  File "C:\Users\hardcase1\.virtualenvs\series-EAOB5IHD\lib\site-packages\django\core\handlers\base.py", line 113, in _get_response
    response = wrapped_callback(request, *callback_args, **callback_kwargs)
  File "C:\Users\hardcase1\.virtualenvs\series-EAOB5IHD\lib\site-packages\django\views\decorators\csrf.py", line 54, in wrapped_view
    return view_func(*args, **kwargs)
  File "C:\Users\hardcase1\.virtualenvs\series-EAOB5IHD\lib\site-packages\rest_framework\viewsets.py", line 114, in view
    return self.dispatch(request, *args, **kwargs)
  File "C:\Users\hardcase1\.virtualenvs\series-EAOB5IHD\lib\site-packages\rest_framework\views.py", line 505, in dispatch
    response = self.handle_exception(exc)
  File "C:\Users\hardcase1\.virtualenvs\series-EAOB5IHD\lib\site-packages\rest_framework\views.py", line 465, in handle_exception
    self.raise_uncaught_exception(exc)
  File "C:\Users\hardcase1\.virtualenvs\series-EAOB5IHD\lib\site-packages\rest_framework\views.py", line 476, in raise_uncaught_exception
    raise exc
  File "C:\Users\hardcase1\.virtualenvs\series-EAOB5IHD\lib\site-packages\rest_framework\views.py", line 502, in dispatch
    response = handler(request, *args, **kwargs)
  File "C:\Users\hardcase1\.virtualenvs\series-EAOB5IHD\lib\site-packages\djoser\views.py", line 171, in me
    return self.retrieve(request, *args, **kwargs)
  File "C:\Users\hardcase1\.virtualenvs\series-EAOB5IHD\lib\site-packages\rest_framework\mixins.py", line 56, in retrieve
    return Response(serializer.data)
  File "C:\Users\hardcase1\.virtualenvs\series-EAOB5IHD\lib\site-packages\rest_framework\serializers.py", line 562, in data
    ret = super().data
  File "C:\Users\hardcase1\.virtualenvs\series-EAOB5IHD\lib\site-packages\rest_framework\serializers.py", line 260, in data
    self._data = self.to_representation(self.instance)
  File "C:\Users\hardcase1\PycharmProjects\series\users\serializers.py", line 94, in to_representation
    if not any(data['slave_accounts_ids']):
KeyError: 'slave_accounts_ids'
ERROR || 2020-07-17 12:22:22,622 || basehttp || "GET /auth/users/me/ HTTP/1.1" 500 167751
ERROR || 2020-07-17 12:23:48,857 || log || Internal Server Error: /auth/users/me/
Traceback (most recent call last):
  File "C:\Users\hardcase1\.virtualenvs\series-EAOB5IHD\lib\site-packages\django\core\handlers\exception.py", line 34, in inner
    response = get_response(request)
  File "C:\Users\hardcase1\.virtualenvs\series-EAOB5IHD\lib\site-packages\django\core\handlers\base.py", line 115, in _get_response
    response = self.process_exception_by_middleware(e, request)
  File "C:\Users\hardcase1\.virtualenvs\series-EAOB5IHD\lib\site-packages\django\core\handlers\base.py", line 113, in _get_response
    response = wrapped_callback(request, *callback_args, **callback_kwargs)
  File "C:\Users\hardcase1\.virtualenvs\series-EAOB5IHD\lib\site-packages\django\views\decorators\csrf.py", line 54, in wrapped_view
    return view_func(*args, **kwargs)
  File "C:\Users\hardcase1\.virtualenvs\series-EAOB5IHD\lib\site-packages\rest_framework\viewsets.py", line 114, in view
    return self.dispatch(request, *args, **kwargs)
  File "C:\Users\hardcase1\.virtualenvs\series-EAOB5IHD\lib\site-packages\rest_framework\views.py", line 505, in dispatch
    response = self.handle_exception(exc)
  File "C:\Users\hardcase1\.virtualenvs\series-EAOB5IHD\lib\site-packages\rest_framework\views.py", line 465, in handle_exception
    self.raise_uncaught_exception(exc)
  File "C:\Users\hardcase1\.virtualenvs\series-EAOB5IHD\lib\site-packages\rest_framework\views.py", line 476, in raise_uncaught_exception
    raise exc
  File "C:\Users\hardcase1\.virtualenvs\series-EAOB5IHD\lib\site-packages\rest_framework\views.py", line 502, in dispatch
    response = handler(request, *args, **kwargs)
  File "C:\Users\hardcase1\.virtualenvs\series-EAOB5IHD\lib\site-packages\djoser\views.py", line 171, in me
    return self.retrieve(request, *args, **kwargs)
  File "C:\Users\hardcase1\.virtualenvs\series-EAOB5IHD\lib\site-packages\rest_framework\mixins.py", line 54, in retrieve
    instance = self.get_object()
  File "C:\Users\hardcase1\.virtualenvs\series-EAOB5IHD\lib\site-packages\rest_framework\generics.py", line 88, in get_object
    assert lookup_url_kwarg in self.kwargs, (
AssertionError: Expected view CustomDjoserUserViewSet to be called with a URL keyword argument named "pk". Fix your URL conf, or set the `.lookup_field` attribute on the view correctly.
ERROR || 2020-07-17 12:23:48,972 || basehttp || "GET /auth/users/me/ HTTP/1.1" 500 131182
ERROR || 2020-07-17 12:24:59,339 || log || Internal Server Error: /auth/users/me/
Traceback (most recent call last):
  File "C:\Users\hardcase1\.virtualenvs\series-EAOB5IHD\lib\site-packages\django\core\handlers\exception.py", line 34, in inner
    response = get_response(request)
  File "C:\Users\hardcase1\.virtualenvs\series-EAOB5IHD\lib\site-packages\django\core\handlers\base.py", line 115, in _get_response
    response = self.process_exception_by_middleware(e, request)
  File "C:\Users\hardcase1\.virtualenvs\series-EAOB5IHD\lib\site-packages\django\core\handlers\base.py", line 113, in _get_response
    response = wrapped_callback(request, *callback_args, **callback_kwargs)
  File "C:\Users\hardcase1\.virtualenvs\series-EAOB5IHD\lib\site-packages\django\views\decorators\csrf.py", line 54, in wrapped_view
    return view_func(*args, **kwargs)
  File "C:\Users\hardcase1\.virtualenvs\series-EAOB5IHD\lib\site-packages\rest_framework\viewsets.py", line 114, in view
    return self.dispatch(request, *args, **kwargs)
  File "C:\Users\hardcase1\.virtualenvs\series-EAOB5IHD\lib\site-packages\rest_framework\views.py", line 505, in dispatch
    response = self.handle_exception(exc)
  File "C:\Users\hardcase1\.virtualenvs\series-EAOB5IHD\lib\site-packages\rest_framework\views.py", line 465, in handle_exception
    self.raise_uncaught_exception(exc)
  File "C:\Users\hardcase1\.virtualenvs\series-EAOB5IHD\lib\site-packages\rest_framework\views.py", line 476, in raise_uncaught_exception
    raise exc
  File "C:\Users\hardcase1\.virtualenvs\series-EAOB5IHD\lib\site-packages\rest_framework\views.py", line 502, in dispatch
    response = handler(request, *args, **kwargs)
  File "C:\Users\hardcase1\.virtualenvs\series-EAOB5IHD\lib\site-packages\djoser\views.py", line 172, in me
    return self.retrieve(request, *args, **kwargs)
  File "C:\Users\hardcase1\.virtualenvs\series-EAOB5IHD\lib\site-packages\rest_framework\mixins.py", line 54, in retrieve
    instance = self.get_object()
TypeError: 'User' object is not callable
ERROR || 2020-07-17 12:24:59,438 || basehttp || "GET /auth/users/me/ HTTP/1.1" 500 125817
ERROR || 2020-07-17 12:25:25,412 || log || Internal Server Error: /auth/users/me/
Traceback (most recent call last):
  File "C:\Users\hardcase1\.virtualenvs\series-EAOB5IHD\lib\site-packages\django\core\handlers\exception.py", line 34, in inner
    response = get_response(request)
  File "C:\Users\hardcase1\.virtualenvs\series-EAOB5IHD\lib\site-packages\django\core\handlers\base.py", line 115, in _get_response
    response = self.process_exception_by_middleware(e, request)
  File "C:\Users\hardcase1\.virtualenvs\series-EAOB5IHD\lib\site-packages\django\core\handlers\base.py", line 113, in _get_response
    response = wrapped_callback(request, *callback_args, **callback_kwargs)
  File "C:\Users\hardcase1\.virtualenvs\series-EAOB5IHD\lib\site-packages\django\views\decorators\csrf.py", line 54, in wrapped_view
    return view_func(*args, **kwargs)
  File "C:\Users\hardcase1\.virtualenvs\series-EAOB5IHD\lib\site-packages\rest_framework\viewsets.py", line 114, in view
    return self.dispatch(request, *args, **kwargs)
  File "C:\Users\hardcase1\.virtualenvs\series-EAOB5IHD\lib\site-packages\rest_framework\views.py", line 505, in dispatch
    response = self.handle_exception(exc)
  File "C:\Users\hardcase1\.virtualenvs\series-EAOB5IHD\lib\site-packages\rest_framework\views.py", line 465, in handle_exception
    self.raise_uncaught_exception(exc)
  File "C:\Users\hardcase1\.virtualenvs\series-EAOB5IHD\lib\site-packages\rest_framework\views.py", line 476, in raise_uncaught_exception
    raise exc
  File "C:\Users\hardcase1\.virtualenvs\series-EAOB5IHD\lib\site-packages\rest_framework\views.py", line 502, in dispatch
    response = handler(request, *args, **kwargs)
  File "C:\Users\hardcase1\.virtualenvs\series-EAOB5IHD\lib\site-packages\djoser\views.py", line 171, in me
    return self.retrieve(request, *args, **kwargs)
  File "C:\Users\hardcase1\.virtualenvs\series-EAOB5IHD\lib\site-packages\rest_framework\mixins.py", line 56, in retrieve
    return Response(serializer.data)
  File "C:\Users\hardcase1\.virtualenvs\series-EAOB5IHD\lib\site-packages\rest_framework\serializers.py", line 562, in data
    ret = super().data
  File "C:\Users\hardcase1\.virtualenvs\series-EAOB5IHD\lib\site-packages\rest_framework\serializers.py", line 260, in data
    self._data = self.to_representation(self.instance)
  File "C:\Users\hardcase1\PycharmProjects\series\users\serializers.py", line 94, in to_representation
    if not any(data['slave_accounts_ids']):
KeyError: 'slave_accounts_ids'
ERROR || 2020-07-17 12:25:25,491 || basehttp || "GET /auth/users/me/ HTTP/1.1" 500 167751
ERROR || 2020-07-17 12:34:15,408 || log || Internal Server Error: /auth/users/me/
Traceback (most recent call last):
  File "C:\Users\hardcase1\.virtualenvs\series-EAOB5IHD\lib\site-packages\django\core\handlers\exception.py", line 34, in inner
    response = get_response(request)
  File "C:\Users\hardcase1\.virtualenvs\series-EAOB5IHD\lib\site-packages\django\core\handlers\base.py", line 115, in _get_response
    response = self.process_exception_by_middleware(e, request)
  File "C:\Users\hardcase1\.virtualenvs\series-EAOB5IHD\lib\site-packages\django\core\handlers\base.py", line 113, in _get_response
    response = wrapped_callback(request, *callback_args, **callback_kwargs)
  File "C:\Users\hardcase1\.virtualenvs\series-EAOB5IHD\lib\site-packages\django\views\decorators\csrf.py", line 54, in wrapped_view
    return view_func(*args, **kwargs)
  File "C:\Users\hardcase1\.virtualenvs\series-EAOB5IHD\lib\site-packages\rest_framework\viewsets.py", line 114, in view
    return self.dispatch(request, *args, **kwargs)
  File "C:\Users\hardcase1\.virtualenvs\series-EAOB5IHD\lib\site-packages\rest_framework\views.py", line 505, in dispatch
    response = self.handle_exception(exc)
  File "C:\Users\hardcase1\.virtualenvs\series-EAOB5IHD\lib\site-packages\rest_framework\views.py", line 465, in handle_exception
    self.raise_uncaught_exception(exc)
  File "C:\Users\hardcase1\.virtualenvs\series-EAOB5IHD\lib\site-packages\rest_framework\views.py", line 476, in raise_uncaught_exception
    raise exc
  File "C:\Users\hardcase1\.virtualenvs\series-EAOB5IHD\lib\site-packages\rest_framework\views.py", line 502, in dispatch
    response = handler(request, *args, **kwargs)
  File "C:\Users\hardcase1\.virtualenvs\series-EAOB5IHD\lib\site-packages\djoser\views.py", line 171, in me
    return self.retrieve(request, *args, **kwargs)
  File "C:\Users\hardcase1\.virtualenvs\series-EAOB5IHD\lib\site-packages\rest_framework\mixins.py", line 56, in retrieve
    return Response(serializer.data)
  File "C:\Users\hardcase1\.virtualenvs\series-EAOB5IHD\lib\site-packages\rest_framework\serializers.py", line 562, in data
    ret = super().data
  File "C:\Users\hardcase1\.virtualenvs\series-EAOB5IHD\lib\site-packages\rest_framework\serializers.py", line 260, in data
    self._data = self.to_representation(self.instance)
  File "C:\Users\hardcase1\PycharmProjects\series\users\serializers.py", line 96, in to_representation
    elif not any(data['slave_accounts_ids']):
KeyError: 'slave_accounts_ids'
ERROR || 2020-07-17 12:34:15,478 || basehttp || "GET /auth/users/me/ HTTP/1.1" 500 167886
WARNING || 2020-07-17 12:34:46,933 || log || Forbidden: /auth/users/me/
WARNING || 2020-07-17 12:34:46,934 || basehttp || "GET /auth/users/me/ HTTP/1.1" 403 14245
WARNING || 2020-07-17 12:37:23,690 || log || Bad Request: /auth/users/confirm_undelete_account/
WARNING || 2020-07-17 12:37:24,185 || log || Bad Request: /auth/users/
WARNING || 2020-07-17 12:37:24,201 || log || Bad Request: /auth/users/
WARNING || 2020-07-17 12:37:24,201 || log || Bad Request: /auth/users/
WARNING || 2020-07-17 12:37:24,437 || log || Bad Request: /auth/users/
WARNING || 2020-07-17 12:37:24,437 || log || Bad Request: /auth/users/
WARNING || 2020-07-17 12:37:24,875 || log || Bad Request: /auth/jwt/create
WARNING || 2020-07-17 12:37:25,125 || log || Forbidden: /auth/users/master_slave_interchange/
WARNING || 2020-07-17 12:37:25,909 || log || Too Many Requests: /auth/users/master_slave_interchange/
WARNING || 2020-07-17 12:37:26,096 || log || Bad Request: /auth/users/master_slave_interchange/
WARNING || 2020-07-17 12:37:26,174 || log || Bad Request: /auth/jwt/refresh
WARNING || 2020-07-17 12:37:26,190 || log || Unauthorized: /auth/jwt/refresh
WARNING || 2020-07-17 12:37:26,646 || log || Bad Request: /auth/users/set_slaves/
WARNING || 2020-07-17 12:37:27,052 || log || Bad Request: /auth/users/set_slaves/
WARNING || 2020-07-17 12:37:27,456 || log || Bad Request: /auth/users/set_slaves/
WARNING || 2020-07-17 12:37:27,509 || log || Forbidden: /auth/users/resend_activation/
WARNING || 2020-07-17 12:37:27,524 || log || Forbidden: /auth/users/resend_activation/
WARNING || 2020-07-17 12:37:27,571 || log || Too Many Requests: /auth/users/resend_activation/
WARNING || 2020-07-17 12:37:28,040 || log || Too Many Requests: /auth/users/undelete_account/
WARNING || 2020-07-17 12:37:28,443 || log || Bad Request: /auth/users/undelete_account/
WARNING || 2020-07-17 12:46:34,605 || log || Bad Request: /auth/users/confirm_undelete_account/
WARNING || 2020-07-17 12:46:35,089 || log || Bad Request: /auth/users/
WARNING || 2020-07-17 12:46:35,105 || log || Bad Request: /auth/users/
WARNING || 2020-07-17 12:46:35,105 || log || Bad Request: /auth/users/
WARNING || 2020-07-17 12:46:35,309 || log || Bad Request: /auth/users/
WARNING || 2020-07-17 12:46:35,317 || log || Bad Request: /auth/users/
WARNING || 2020-07-17 12:46:35,797 || log || Bad Request: /auth/jwt/create
WARNING || 2020-07-17 12:46:36,031 || log || Forbidden: /auth/users/master_slave_interchange/
WARNING || 2020-07-17 12:46:36,816 || log || Too Many Requests: /auth/users/master_slave_interchange/
WARNING || 2020-07-17 12:46:37,019 || log || Bad Request: /auth/users/master_slave_interchange/
WARNING || 2020-07-17 12:46:37,097 || log || Bad Request: /auth/jwt/refresh
WARNING || 2020-07-17 12:46:37,112 || log || Unauthorized: /auth/jwt/refresh
WARNING || 2020-07-17 12:46:37,547 || log || Bad Request: /auth/users/set_slaves/
WARNING || 2020-07-17 12:46:37,938 || log || Bad Request: /auth/users/set_slaves/
WARNING || 2020-07-17 12:46:38,358 || log || Bad Request: /auth/users/set_slaves/
WARNING || 2020-07-17 12:46:38,424 || log || Forbidden: /auth/users/resend_activation/
WARNING || 2020-07-17 12:46:38,424 || log || Forbidden: /auth/users/resend_activation/
WARNING || 2020-07-17 12:46:38,487 || log || Too Many Requests: /auth/users/resend_activation/
WARNING || 2020-07-17 12:46:39,065 || log || Too Many Requests: /auth/users/undelete_account/
WARNING || 2020-07-17 12:46:39,505 || log || Bad Request: /auth/users/undelete_account/
WARNING || 2020-07-17 13:29:55,877 || log || Forbidden: /archives/tvseries/25/seasons/12910/
WARNING || 2020-07-17 13:46:25,903 || log || Forbidden: /archives/tvseries/37/seasons/12946/
WARNING || 2020-07-17 13:47:17,732 || log || Forbidden: /archives/tvseries/39/seasons/12954/
WARNING || 2020-07-17 13:47:58,226 || log || Forbidden: /archives/tvseries/41/seasons/12960/
WARNING || 2020-07-17 13:49:00,521 || log || Forbidden: /archives/tvseries/49/seasons/12984/
WARNING || 2020-07-17 13:49:39,732 || log || Forbidden: /archives/tvseries/51/seasons/12990/
WARNING || 2020-07-17 14:40:26,878 || log || Forbidden: /archives/tvseries/79/delete-image/2613,2614/
WARNING || 2020-07-17 14:40:26,916 || log || Forbidden: /archives/tvseries/79/delete-image/2617,2618/
WARNING || 2020-07-17 14:40:26,932 || log || Bad Request: /archives/tvseries/79/delete-image/1000,999/
WARNING || 2020-07-17 14:40:27,026 || log || Bad Request: /archives/tvseries/81/upload-image/small_image.gif/
WARNING || 2020-07-17 14:40:27,519 || log || Not Found: /archives/tvseries/0/seasons/
WARNING || 2020-07-17 14:40:27,534 || log || Forbidden: /archives/tvseries/87/seasons/
WARNING || 2020-07-17 14:40:27,550 || log || Forbidden: /archives/tvseries/88/seasons/
WARNING || 2020-07-17 14:40:27,635 || log || Forbidden: /archives/tvseries/89/
WARNING || 2020-07-17 14:40:27,735 || log || Forbidden: /archives/tvseries/95/
WARNING || 2020-07-17 14:40:30,145 || log || Forbidden: /archives/tvseries/21/seasons/13242/
WARNING || 2020-07-17 14:42:09,759 || log || Forbidden: /archives/tvseries/79/delete-image/2662,2663/
WARNING || 2020-07-17 14:42:09,790 || log || Forbidden: /archives/tvseries/79/delete-image/2666,2667/
WARNING || 2020-07-17 14:42:09,806 || log || Bad Request: /archives/tvseries/79/delete-image/1000,999/
WARNING || 2020-07-17 14:42:09,994 || log || Bad Request: /archives/tvseries/81/upload-image/small_image.gif/
WARNING || 2020-07-17 14:42:10,479 || log || Not Found: /archives/tvseries/0/seasons/
WARNING || 2020-07-17 14:42:10,490 || log || Forbidden: /archives/tvseries/87/seasons/
WARNING || 2020-07-17 14:42:10,507 || log || Forbidden: /archives/tvseries/88/seasons/
WARNING || 2020-07-17 14:42:10,574 || log || Forbidden: /archives/tvseries/89/
WARNING || 2020-07-17 14:42:10,652 || log || Forbidden: /archives/tvseries/95/
WARNING || 2020-07-17 14:57:34,857 || log || Forbidden: /archives/tvseries/85/delete-image/2711,2712/
WARNING || 2020-07-17 14:57:34,888 || log || Forbidden: /archives/tvseries/85/delete-image/2715,2716/
WARNING || 2020-07-17 14:57:34,904 || log || Bad Request: /archives/tvseries/85/delete-image/1000,999/
WARNING || 2020-07-17 14:57:34,966 || log || Bad Request: /archives/tvseries/87/upload-image/small_image.gif/
WARNING || 2020-07-17 14:57:35,428 || log || Not Found: /archives/tvseries/0/seasons/
WARNING || 2020-07-17 14:57:35,439 || log || Forbidden: /archives/tvseries/93/seasons/
WARNING || 2020-07-17 14:57:35,461 || log || Forbidden: /archives/tvseries/94/seasons/
WARNING || 2020-07-17 14:57:35,542 || log || Forbidden: /archives/tvseries/95/
WARNING || 2020-07-17 14:57:35,609 || log || Forbidden: /archives/tvseries/101/
WARNING || 2020-07-17 14:58:04,293 || log || Forbidden: /archives/tvseries/79/delete-image/2760,2761/
WARNING || 2020-07-17 14:58:04,326 || log || Forbidden: /archives/tvseries/79/delete-image/2764,2765/
WARNING || 2020-07-17 14:58:04,342 || log || Bad Request: /archives/tvseries/79/delete-image/1000,999/
WARNING || 2020-07-17 14:58:04,388 || log || Bad Request: /archives/tvseries/81/upload-image/small_image.gif/
WARNING || 2020-07-17 14:58:04,826 || log || Not Found: /archives/tvseries/0/seasons/
WARNING || 2020-07-17 14:58:04,842 || log || Forbidden: /archives/tvseries/87/seasons/
WARNING || 2020-07-17 14:58:04,857 || log || Forbidden: /archives/tvseries/88/seasons/
WARNING || 2020-07-17 14:58:04,920 || log || Forbidden: /archives/tvseries/89/
WARNING || 2020-07-17 14:58:05,013 || log || Forbidden: /archives/tvseries/95/
WARNING || 2020-07-17 14:59:24,346 || log || Forbidden: /archives/tvseries/77/delete-image/2809,2810/
WARNING || 2020-07-17 14:59:24,373 || log || Forbidden: /archives/tvseries/77/delete-image/2813,2814/
WARNING || 2020-07-17 14:59:24,391 || log || Bad Request: /archives/tvseries/77/delete-image/1000,999/
WARNING || 2020-07-17 14:59:24,443 || log || Bad Request: /archives/tvseries/79/upload-image/small_image.gif/
WARNING || 2020-07-17 14:59:24,865 || log || Not Found: /archives/tvseries/0/seasons/
WARNING || 2020-07-17 14:59:24,881 || log || Forbidden: /archives/tvseries/85/seasons/
WARNING || 2020-07-17 14:59:24,896 || log || Forbidden: /archives/tvseries/86/seasons/
WARNING || 2020-07-17 14:59:24,967 || log || Forbidden: /archives/tvseries/87/
WARNING || 2020-07-17 14:59:25,045 || log || Forbidden: /archives/tvseries/93/
WARNING || 2020-07-17 14:59:43,767 || log || Forbidden: /archives/tvseries/77/delete-image/2858,2859/
WARNING || 2020-07-17 14:59:43,798 || log || Forbidden: /archives/tvseries/77/delete-image/2862,2863/
WARNING || 2020-07-17 14:59:43,814 || log || Bad Request: /archives/tvseries/77/delete-image/1000,999/
WARNING || 2020-07-17 14:59:43,876 || log || Bad Request: /archives/tvseries/79/upload-image/small_image.gif/
WARNING || 2020-07-17 14:59:44,473 || log || Not Found: /archives/tvseries/0/seasons/
WARNING || 2020-07-17 14:59:44,489 || log || Forbidden: /archives/tvseries/85/seasons/
WARNING || 2020-07-17 14:59:44,504 || log || Forbidden: /archives/tvseries/86/seasons/
WARNING || 2020-07-17 14:59:44,582 || log || Forbidden: /archives/tvseries/87/
WARNING || 2020-07-17 14:59:44,660 || log || Forbidden: /archives/tvseries/93/
WARNING || 2020-07-17 15:00:02,170 || log || Forbidden: /archives/tvseries/77/delete-image/2907,2908/
WARNING || 2020-07-17 15:00:02,201 || log || Forbidden: /archives/tvseries/77/delete-image/2911,2912/
WARNING || 2020-07-17 15:00:02,217 || log || Bad Request: /archives/tvseries/77/delete-image/1000,999/
WARNING || 2020-07-17 15:00:02,287 || log || Bad Request: /archives/tvseries/79/upload-image/small_image.gif/
WARNING || 2020-07-17 15:00:02,829 || log || Not Found: /archives/tvseries/0/seasons/
WARNING || 2020-07-17 15:00:02,844 || log || Forbidden: /archives/tvseries/85/seasons/
WARNING || 2020-07-17 15:00:02,860 || log || Forbidden: /archives/tvseries/86/seasons/
WARNING || 2020-07-17 15:00:02,948 || log || Forbidden: /archives/tvseries/87/
WARNING || 2020-07-17 15:00:03,042 || log || Forbidden: /archives/tvseries/93/
WARNING || 2020-07-17 15:00:51,969 || log || Forbidden: /archives/tvseries/87/delete-image/2956,2957/
WARNING || 2020-07-17 15:00:52,000 || log || Forbidden: /archives/tvseries/87/delete-image/2960,2961/
WARNING || 2020-07-17 15:00:52,016 || log || Bad Request: /archives/tvseries/87/delete-image/1000,999/
WARNING || 2020-07-17 15:00:52,078 || log || Bad Request: /archives/tvseries/89/upload-image/small_image.gif/
WARNING || 2020-07-17 15:00:52,544 || log || Not Found: /archives/tvseries/0/seasons/
WARNING || 2020-07-17 15:00:52,560 || log || Forbidden: /archives/tvseries/103/seasons/
WARNING || 2020-07-17 15:00:52,576 || log || Forbidden: /archives/tvseries/104/seasons/
WARNING || 2020-07-17 15:00:52,654 || log || Forbidden: /archives/tvseries/105/
WARNING || 2020-07-17 15:00:52,747 || log || Forbidden: /archives/tvseries/111/
WARNING || 2020-07-17 15:08:21,969 || log || Forbidden: /archives/tvseries/93/delete-image/3005,3006/
WARNING || 2020-07-17 15:08:22,000 || log || Forbidden: /archives/tvseries/93/delete-image/3009,3010/
WARNING || 2020-07-17 15:08:22,016 || log || Bad Request: /archives/tvseries/93/delete-image/1000,999/
WARNING || 2020-07-17 15:08:22,079 || log || Bad Request: /archives/tvseries/95/upload-image/small_image.gif/
WARNING || 2020-07-17 15:08:22,535 || log || Not Found: /archives/tvseries/0/seasons/
WARNING || 2020-07-17 15:08:22,550 || log || Forbidden: /archives/tvseries/101/seasons/
WARNING || 2020-07-17 15:08:22,566 || log || Forbidden: /archives/tvseries/102/seasons/
WARNING || 2020-07-17 15:08:22,644 || log || Forbidden: /archives/tvseries/103/
WARNING || 2020-07-17 15:08:22,722 || log || Forbidden: /archives/tvseries/109/
WARNING || 2020-07-17 15:32:20,440 || log || Method Not Allowed: /archives/tvseries/9/seasons/
WARNING || 2020-07-17 15:32:20,440 || basehttp || "DELETE /archives/tvseries/9/seasons/ HTTP/1.1" 405 44
WARNING || 2020-07-17 15:34:33,149 || log || Not Found: /archives/tvseries/9/seasons/999/
WARNING || 2020-07-17 15:34:33,150 || basehttp || "GET /archives/tvseries/9/seasons/999/ HTTP/1.1" 404 53
ERROR || 2020-07-17 15:36:12,417 || log || Internal Server Error: /archives/tvseries/9/seasons/109
Traceback (most recent call last):
  File "C:\Users\hardcase1\.virtualenvs\series-EAOB5IHD\lib\site-packages\django\core\handlers\exception.py", line 34, in inner
    response = get_response(request)
  File "C:\Users\hardcase1\.virtualenvs\series-EAOB5IHD\lib\site-packages\django\utils\deprecation.py", line 93, in __call__
    response = self.process_request(request)
  File "C:\Users\hardcase1\.virtualenvs\series-EAOB5IHD\lib\site-packages\django\middleware\common.py", line 54, in process_request
    path = self.get_full_path_with_slash(request)
  File "C:\Users\hardcase1\.virtualenvs\series-EAOB5IHD\lib\site-packages\django\middleware\common.py", line 87, in get_full_path_with_slash
    raise RuntimeError(
RuntimeError: You called this URL via PUT, but the URL doesn't end in a slash and you have APPEND_SLASH set. Django can't redirect to the slash URL while maintaining PUT data. Change your form to point to 127.0.0.1:8000/archives/tvseries/9/seasons/109/ (note the trailing slash), or set APPEND_SLASH=False in your Django settings.
ERROR || 2020-07-17 15:36:12,458 || basehttp || "PUT /archives/tvseries/9/seasons/109 HTTP/1.1" 500 92145
ERROR || 2020-07-17 15:36:16,097 || log || Internal Server Error: /archives/tvseries/9/seasons/109
Traceback (most recent call last):
  File "C:\Users\hardcase1\.virtualenvs\series-EAOB5IHD\lib\site-packages\django\core\handlers\exception.py", line 34, in inner
    response = get_response(request)
  File "C:\Users\hardcase1\.virtualenvs\series-EAOB5IHD\lib\site-packages\django\utils\deprecation.py", line 93, in __call__
    response = self.process_request(request)
  File "C:\Users\hardcase1\.virtualenvs\series-EAOB5IHD\lib\site-packages\django\middleware\common.py", line 54, in process_request
    path = self.get_full_path_with_slash(request)
  File "C:\Users\hardcase1\.virtualenvs\series-EAOB5IHD\lib\site-packages\django\middleware\common.py", line 87, in get_full_path_with_slash
    raise RuntimeError(
RuntimeError: You called this URL via PATCH, but the URL doesn't end in a slash and you have APPEND_SLASH set. Django can't redirect to the slash URL while maintaining PATCH data. Change your form to point to 127.0.0.1:8000/archives/tvseries/9/seasons/109/ (note the trailing slash), or set APPEND_SLASH=False in your Django settings.
ERROR || 2020-07-17 15:36:16,122 || basehttp || "PATCH /archives/tvseries/9/seasons/109 HTTP/1.1" 500 92174
WARNING || 2020-07-17 15:38:50,908 || log || Not Found: /archives/tvseries/9/seasons/108/
WARNING || 2020-07-17 15:38:50,909 || basehttp || "GET /archives/tvseries/9/seasons/108/ HTTP/1.1" 404 20975
WARNING || 2020-07-17 15:39:11,919 || log || Not Found: /archives/tvseries/9/seasons/109/
WARNING || 2020-07-17 15:39:11,920 || basehttp || "DELETE /archives/tvseries/9/seasons/109/ HTTP/1.1" 404 53
WARNING || 2020-07-17 15:58:44,164 || log || Forbidden: /archives/tvseries/83/delete-image/3054,3055/
WARNING || 2020-07-17 15:58:44,179 || log || Forbidden: /archives/tvseries/83/delete-image/3058,3059/
WARNING || 2020-07-17 15:58:44,211 || log || Bad Request: /archives/tvseries/83/delete-image/1000,999/
WARNING || 2020-07-17 15:58:44,257 || log || Bad Request: /archives/tvseries/85/upload-image/small_image.gif/
WARNING || 2020-07-17 15:58:44,711 || log || Not Found: /archives/tvseries/0/seasons/
WARNING || 2020-07-17 15:58:44,727 || log || Forbidden: /archives/tvseries/91/seasons/
WARNING || 2020-07-17 15:58:44,743 || log || Forbidden: /archives/tvseries/92/seasons/
WARNING || 2020-07-17 15:58:44,821 || log || Forbidden: /archives/tvseries/93/
WARNING || 2020-07-17 15:58:44,899 || log || Forbidden: /archives/tvseries/99/
WARNING || 2020-07-17 17:21:13,690 || log || Bad Request: /archives/tvseries/14/seasons/
WARNING || 2020-07-17 17:21:13,694 || basehttp || "POST /archives/tvseries/14/seasons/ HTTP/1.1" 400 201
WARNING || 2020-07-17 17:33:31,270 || log || Forbidden: /archives/tvseries/9/seasons/107/
WARNING || 2020-07-17 17:33:31,272 || basehttp || "GET /archives/tvseries/9/seasons/107/ HTTP/1.1" 403 16272
WARNING || 2020-07-17 17:42:54,743 || log || Forbidden: /archives/tvseries/9/seasons/107/
WARNING || 2020-07-17 17:42:54,743 || basehttp || "GET /archives/tvseries/9/seasons/107/ HTTP/1.1" 403 16272
WARNING || 2020-07-17 19:58:46,381 || log || Forbidden: /archives/tvseries/87/delete-image/3103,3104/
WARNING || 2020-07-17 19:58:46,409 || log || Forbidden: /archives/tvseries/87/delete-image/3107,3108/
WARNING || 2020-07-17 19:58:46,425 || log || Bad Request: /archives/tvseries/87/delete-image/1000,999/
WARNING || 2020-07-17 19:58:46,486 || log || Bad Request: /archives/tvseries/89/upload-image/small_image.gif/
WARNING || 2020-07-17 19:58:47,073 || log || Not Found: /archives/tvseries/0/seasons/
WARNING || 2020-07-17 19:58:47,089 || log || Forbidden: /archives/tvseries/95/seasons/
WARNING || 2020-07-17 19:58:47,104 || log || Forbidden: /archives/tvseries/96/seasons/
WARNING || 2020-07-17 19:58:47,167 || log || Forbidden: /archives/tvseries/97/
WARNING || 2020-07-17 19:58:47,261 || log || Forbidden: /archives/tvseries/103/
